Compiling the C compiler identification source file "CMakeCCompilerId.c" failed.
Compiler: /Applications/Xcode.app/Contents/Developer/Toolchains/XcodeDefault.xctoolchain/usr/bin/cc 
Build flags: 
Id flags:  

The output was:
1
ld: library not found for -lSystem
clang: error: linker command failed with exit code 1 (use -v to see invocation)


Compiling the CXX compiler identification source file "CMakeCXXCompilerId.cpp" failed.
Compiler: /Applications/Xcode.app/Contents/Developer/Toolchains/XcodeDefault.xctoolchain/usr/bin/c++ 
Build flags: 
Id flags:  

The output was:
1
ld: library not found for -lc++
clang: error: linker command failed with exit code 1 (use -v to see invocation)


Determining if the function IceConnectionNumber exists in the ICE failed with the following output:
Change Dir: /Users/Nora/Research/Geant4/geant4-v11.1.1/examples/extended/optical/LXe/build/CMakeFiles/CMakeTmp

Run Build Command(s):/usr/bin/make -f Makefile cmTC_2fdab/fast && /Applications/Xcode.app/Contents/Developer/usr/bin/make  -f CMakeFiles/cmTC_2fdab.dir/build.make CMakeFiles/cmTC_2fdab.dir/build
Building C object CMakeFiles/cmTC_2fdab.dir/CheckFunctionExists.c.o
/Applications/Xcode.app/Contents/Developer/Toolchains/XcodeDefault.xctoolchain/usr/bin/cc   -DCHECK_FUNCTION_EXISTS=IceConnectionNumber -isysroot /Applications/Xcode.app/Contents/Developer/Platforms/MacOSX.platform/Developer/SDKs/MacOSX12.1.sdk -mmacosx-version-min=11.7 -MD -MT CMakeFiles/cmTC_2fdab.dir/CheckFunctionExists.c.o -MF CMakeFiles/cmTC_2fdab.dir/CheckFunctionExists.c.o.d -o CMakeFiles/cmTC_2fdab.dir/CheckFunctionExists.c.o -c /opt/local/share/cmake-3.24/Modules/CheckFunctionExists.c
Linking C executable cmTC_2fdab
/opt/local/bin/cmake -E cmake_link_script CMakeFiles/cmTC_2fdab.dir/link.txt --verbose=1
/Applications/Xcode.app/Contents/Developer/Toolchains/XcodeDefault.xctoolchain/usr/bin/cc  -DCHECK_FUNCTION_EXISTS=IceConnectionNumber -isysroot /Applications/Xcode.app/Contents/Developer/Platforms/MacOSX.platform/Developer/SDKs/MacOSX12.1.sdk -mmacosx-version-min=11.7 -Wl,-search_paths_first -Wl,-headerpad_max_install_names CMakeFiles/cmTC_2fdab.dir/CheckFunctionExists.c.o -o cmTC_2fdab   -L/usr/local/lib  -Wl,-rpath,/usr/local/lib -lICE 
ld: library not found for -lICE
clang: error: linker command failed with exit code 1 (use -v to see invocation)
make[1]: *** [cmTC_2fdab] Error 1
make: *** [cmTC_2fdab/fast] Error 2



